#
# A fatal error has been detected by the Java Runtime Environment:
#
#  SIGSEGV (0xb) at pc=0x00007fc0df6c20ad, pid=7371, tid=7389
#
# JRE version: OpenJDK Runtime Environment (11.0.7+10) (build 11.0.7+10-post-Ubuntu-2ubuntu219.10)
# Java VM: OpenJDK 64-Bit Server VM (11.0.7+10-post-Ubuntu-2ubuntu219.10, mixed mode, sharing, tiered, compressed oops, g1 gc, linux-amd64)
# Problematic frame:
# C  [libjimage.so+0x30ad]
#
# No core dump will be written. Core dumps have been disabled. To enable core dumping, try "ulimit -c unlimited" before starting Java again
#
# If you would like to submit a bug report, please visit:
#   https://bugs.launchpad.net/ubuntu/+source/openjdk-lts
#

---------------  S U M M A R Y ------------

Command Line: -agentlib:jdwp=transport=dt_socket,suspend=y,address=localhost:36041 -ea -Djava.util.logging.config.file=src/test/resources/logging.properties -javaagent:/home/seb/Applications/eclipse/configuration/org.eclipse.osgi/1047/0/.cp/lib/javaagent-shaded.jar -Dfile.encoding=UTF-8 org.eclipse.jdt.internal.junit.runner.RemoteTestRunner -version 3 -port 46025 -testLoaderClass org.eclipse.jdt.internal.junit5.runner.JUnit5TestLoader -loaderpluginname org.eclipse.jdt.junit5.runtime -classNames com.exasol.dbbuilder.DataObjectCreationIT

Host: Intel Core Processor (Skylake, IBRS), 8 cores, 7G, Ubuntu 19.10
Time: Fri Apr 24 09:13:42 2020 CEST elapsed time: 725 seconds (0d 0h 12m 5s)

---------------  T H R E A D  ---------------

Current thread (0x00007fc0d8196000):  JavaThread "Signal Dispatcher" daemon [_thread_in_vm, id=7389, stack(0x00007fc0b2b32000,0x00007fc0b2c33000)]

Stack: [0x00007fc0b2b32000,0x00007fc0b2c33000],  sp=0x00007fc0b2c301f0,  free space=1016k
Native frames: (J=compiled Java code, A=aot compiled Java code, j=interpreted, Vv=VM code, C=native code)
C  [libjimage.so+0x30ad]
C  [libjimage.so+0x3da2]
C  [libjimage.so+0x42b1]  JIMAGE_FindResource+0xf1
V  [libjvm.so+0x57f141]
V  [libjvm.so+0x5818f1]
V  [libjvm.so+0xceb2cd]
V  [libjvm.so+0xce9e5a]
V  [libjvm.so+0xcec41b]
V  [libjvm.so+0x62ecbe]